#
# A fatal error has been detected by the Java Runtime Environment:
#
#  SIGSEGV (0xb) at pc=0x0000000100f4c01b, pid=13148, tid=36099
#
# JRE version: Java(TM) SE Runtime Environment (10.0.1+10) (build 10.0.1+10)
# Java VM: Java HotSpot(TM) 64-Bit Server VM (10.0.1+10, mixed mode, tiered, compressed oops, g1 gc, bsd-amd64)
# Problematic frame:
# V  [libjvm.dylib+0x3dd01b]  _ZN19java_lang_Throwable19fill_in_stack_traceE6HandleRK12methodHandleP6Thread+0x4d3
#
# No core dump will be written. Core dumps have been disabled. To enable core dumping, try "ulimit -c unlimited" before starting Java again
#
# If you would like to submit a bug report, please visit:
#   http://bugreport.java.com/bugreport/crash.jsp
#

---------------  S U M M A R Y ------------

Command Line: -agentlib:jdwp=transport=dt_socket,address=127.0.0.1:57342,suspend=y,server=n -XX:TieredStopAtLevel=1 -Xverify:none -Dspring.output.ansi.enabled=always -Dcom.sun.management.jmxremote -Dcom.sun.management.jmxremote.port=57341 -Dcom.sun.management.jmxremote.authenticate=false -Dcom.sun.management.jmxremote.ssl=false -Djava.rmi.server.hostname=127.0.0.1 -Dspring.liveBeansView.mbeanDomain -Dspring.application.admin.enabled=true -javaagent:/Users/evgenij/Library/Caches/IntelliJIdea2018.1/captureAgent/debugger-agent.jar=file:/private/var/folders/dh/lhx0b5613gj01lmclw7nn1nm0000gn/T/capture.props -Dfile.encoding=UTF-8 com.example.demo.DemoApplication

Host: MacBookPro14,1 x86_64 2300 MHz, 4 cores, 8G, Darwin 17.5.0
Time: Mon Jul 16 22:55:14 2018 MSK elapsed time: 6 seconds (0d 0h 0m 6s)

---------------  T H R E A D  ---------------

Current thread (0x00007fc2c0b77800):  JavaThread "restartedMain" [_thread_in_vm, id=36099, stack(0x0000700009703000,0x0000700009803000)]

Stack: [0x0000700009703000,0x0000700009803000],  sp=0x0000000125d29dd0,  free space=18014278255057051k
Native frames: (J=compiled Java code, A=aot compiled Java code, j=interpreted, Vv=VM code, C=native code)
V  [libjvm.dylib+0x3dd01b]  _ZN19java_lang_Throwable19fill_in_stack_traceE6HandleRK12methodHandleP6Thread+0x4d3

Java frames: (J=compiled Java code, j=interpreted, Vv=VM code)

[error occurred during error reporting (printing Java stack), id 0xb]


siginfo: si_signo: 11 (SIGSEGV), si_code: 1 (SEGV_MAPERR), si_addr: 0x0000000000000040

Register to memory mapping:

RAX=0x0000000000000000 is an unknown value
RBX=0x0000000000000000 is an unknown value
RCX=0x0000000000000000 is an unknown value
RDX=0x0000000102342000 is an unknown value
RSP=0x0000000125d29dd0 is pointing into metadata
RBP=0x0000000125d2b1d0 is pointing into metadata
RSI=0x0000000000000a00 is an unknown value
RDI=0x00000001122eba10 is pointing to an (unnamed) stub routine
R8 =0x00000001122eb000 is an unknown value
R9 =0x0000000105af3788 is pointing into metadata
R10=0x0000000105af38e0 is pointing into metadata
R11=0x0000000000000000 is an unknown value
R12=0x0000000125d29eb8 is pointing into metadata
R13=0x0000000000000000 is an unknown value
R14=0x0000000125d2b240 is pointing into metadata
R15=0x00000000651b3a09 is an unknown value


Registers:
RAX=0x0000000000000000, RBX=0x0000000000000000, RCX=0x0000000000000000, RDX=0x0000000102342000
RSP=0x0000000125d29dd0, RBP=0x0000000125d2b1d0, RSI=0x0000000000000a00, RDI=0x00000001122eba10
R8 =0x00000001122eb000, R9 =0x0000000105af3788, R10=0x0000000105af38e0, R11=0x0000000000000000
R12=0x0000000125d29eb8, R13=0x0000000000000000, R14=0x0000000125d2b240, R15=0x00000000651b3a09
RIP=0x0000000100f4c01b, EFLAGS=0x0000000000010246, ERR=0x0000000000000004
  TRAPNO=0x000000000000000e

Top of Stack: (sp=0x0000000125d29dd0)
0x0000000125d29dd0:   00000000024c0005 0000000000000000
0x0000000125d29de0:   0000000000000000 0000000000000000
0x0000000125d29df0:   0000000000000000 00007fc2bfed88b0
0x0000000125d29e00:   0000000000000000 0000000000000000
0x0000000125d29e10:   0000040000000000 00007fc2c0b77800
0x0000000125d29e20:   0000000000000000 0000000000000000
0x0000000125d29e30:   0000000000000000 0000000000000000
0x0000000125d29e40:   0000000000000000 0000000000000000
0x0000000125d29e50:   0000000000000000 0000000000000000
0x0000000125d29e60:   0000000002800003 0000700009800390
0x0000000125d29e70:   00000001122ebb49 00000001122eba10
0x0000000125d29e80:   0000000000000000 00007000098003f0
0x0000000125d29e90:   0000700009800390 0000000000000000
0x0000000125d29ea0:   0000000000000000 0000000000000000
0x0000000125d29eb0:   0000000000000000 0000700009800390
0x0000000125d29ec0:   00000001122ebb49 00000001122eba10
0x0000000125d29ed0:   0000000000000000 00007000098003f0
0x0000000125d29ee0:   0000700009800390 0000000000000020
0x0000000125d29ef0:   0000000000000000 0000000002c00005
0x0000000125d29f00:   0000000000000000 0000000000000000
0x0000000125d29f10:   0000000000000000 0000000000000000
0x0000000125d29f20:   0000000000000000 0000000000000000
0x0000000125d29f30:   0000000002ca0003 0000000000000000
0x0000000125d29f40:   fffffffffffff5e0 0000000002d80005
0x0000000125d29f50:   0000000000000000 0000000000000000
0x0000000125d29f60:   0000000000000000 0000000000000000
0x0000000125d29f70:   0000000000000000 0000000000000000
0x0000000125d29f80:   0000000002e50005 0000000000000000
0x0000000125d29f90:   0000000000000000 0000000000000000
0x0000000125d29fa0:   0000000000000000 0000000000000000
0x0000000125d29fb0:   0000000000000000 0000000002eb0007
0x0000000125d29fc0:   0000000000000000 0000000000000098 

Instructions: (pc=0x0000000100f4c01b)
0x0000000100f4bffb:   ff a8 01 48 8b 9d 50 ec ff ff 74 08 41 88 c4 e9
0x0000000100f4c00b:   44 01 00 00 49 8b 4e 08 48 8b 41 08 0f b7 49 2a
0x0000000100f4c01b:   48 8b 4c c8 40 41 b4 01 48 8d 15 c6 ab 5f 00 48
0x0000000100f4c02b:   3b 8a d0 0b 00 00 0f 85 1c 01 00 00 48 8b 8d 28 


---------------  P R O C E S S  ---------------

Threads class SMR info:
_java_thread_list=0x00007fc2c250e4d0, length=21, elements={
0x00007fc2c0802800, 0x00007fc2c003c800, 0x00007fc2c08a5000, 0x00007fc2c001a000,
0x00007fc2c001b000, 0x00007fc2c1021000, 0x00007fc2c1022000, 0x00007fc2c001c000,
0x00007fc2c08a8800, 0x00007fc2c0813000, 0x00007fc2c08b4800, 0x00007fc2c08c6800,
0x00007fc2c00a9000, 0x00007fc2c00b0800, 0x00007fc2c0119000, 0x00007fc2c1a1b800,
0x00007fc2c1123000, 0x00007fc2c0218000, 0x00007fc2c026e800, 0x00007fc2c0b7a800,
0x00007fc2c0b77800
}

Java Threads: ( => current thread )
  0x00007fc2c0802800 JavaThread "main" [_thread_blocked, id=8451, stack(0x0000000102200000,0x0000000102300000)]
  0x00007fc2c003c800 JavaThread "Reference Handler" daemon [_thread_blocked, id=14339, stack(0x00007000082c7000,0x00007000083c7000)]
  0x00007fc2c08a5000 JavaThread "Finalizer" daemon [_thread_blocked, id=15107, stack(0x00007000083ca000,0x00007000084ca000)]
  0x00007fc2c001a000 JavaThread "Signal Dispatcher" daemon [_thread_blocked, id=22019, stack(0x00007000084cd000,0x00007000085cd000)]
  0x00007fc2c001b000 JavaThread "C1 CompilerThread0" daemon [_thread_blocked, id=22275, stack(0x00007000085d0000,0x00007000086d0000)]
  0x00007fc2c1021000 JavaThread "C1 CompilerThread1" daemon [_thread_blocked, id=41219, stack(0x00007000086d3000,0x00007000087d3000)]
  0x00007fc2c1022000 JavaThread "C1 CompilerThread2" daemon [_thread_blocked, id=40963, stack(0x00007000087d6000,0x00007000088d6000)]
  0x00007fc2c001c000 JavaThread "Sweeper thread" daemon [_thread_blocked, id=40707, stack(0x00007000088d9000,0x00007000089d9000)]
  0x00007fc2c08a8800 JavaThread "JDWP Transport Listener: dt_socket" daemon [_thread_blocked, id=40195, stack(0x00007000089dc000,0x0000700008adc000)]
  0x00007fc2c0813000 JavaThread "JDWP Event Helper Thread" daemon [_thread_blocked, id=23811, stack(0x0000700008adf000,0x0000700008bdf000)]
  0x00007fc2c08b4800 JavaThread "JDWP Command Reader" daemon [_thread_in_native, id=24323, stack(0x0000700008be2000,0x0000700008ce2000)]
  0x00007fc2c08c6800 JavaThread "Common-Cleaner" daemon [_thread_blocked, id=39171, stack(0x0000700008ce5000,0x0000700008de5000)]
  0x00007fc2c00a9000 JavaThread "Service Thread" daemon [_thread_blocked, id=38659, stack(0x0000700008de8000,0x0000700008ee8000)]
  0x00007fc2c00b0800 JavaThread "RMI TCP Accept-0" daemon [_thread_in_native, id=25603, stack(0x0000700008eeb000,0x0000700008feb000)]
  0x00007fc2c0119000 JavaThread "RMI TCP Accept-57341" daemon [_thread_in_native, id=26115, stack(0x0000700008fee000,0x00007000090ee000)]
  0x00007fc2c1a1b800 JavaThread "RMI TCP Accept-0" daemon [_thread_in_native, id=37635, stack(0x00007000090f1000,0x00007000091f1000)]
  0x00007fc2c1123000 JavaThread "RMI TCP Connection(1)-127.0.0.1" daemon [_thread_in_native, id=37123, stack(0x00007000092f7000,0x00007000093f7000)]
  0x00007fc2c0218000 JavaThread "RMI TCP Connection(2)-127.0.0.1" daemon [_thread_in_native, id=27651, stack(0x00007000093fa000,0x00007000094fa000)]
  0x00007fc2c026e800 JavaThread "RMI Scheduler(0)" daemon [_thread_blocked, id=36611, stack(0x00007000094fd000,0x00007000095fd000)]
  0x00007fc2c0b7a800 JavaThread "Thread-0" [_thread_blocked, id=36359, stack(0x0000700009600000,0x0000700009700000)]
=>0x00007fc2c0b77800 JavaThread "restartedMain" [_thread_in_vm, id=36099, stack(0x0000700009703000,0x0000700009803000)]

Other Threads:
  0x00007fc2c1803000 VMThread "VM Thread" [stack: 0x00007000081c4000,0x00007000082c4000] [id=17667]
  0x00007fc2c0a47800 WatcherThread [stack: 0x00007000091f4000,0x00007000092f4000] [id=26883]
  0x00007fc2c0810800 GCTaskThread "GC Thread#0" [stack: 0x00007000076a3000,0x00007000077a3000] [id=21507]
  0x00007fc2c0811800 GCTaskThread "GC Thread#1" [stack: 0x00007000077a6000,0x00007000078a6000] [id=20995]
  0x00007fc2c0814800 GCTaskThread "GC Thread#2" [stack: 0x00007000078a9000,0x00007000079a9000] [id=20483]
  0x00007fc2c0815800 GCTaskThread "GC Thread#3" [stack: 0x00007000079ac000,0x0000700007aac000] [id=20227]
  0x00007fc2c083e000 ConcurrentGCThread "G1 Main Marker" [stack: 0x0000700007aaf000,0x0000700007baf000] [id=19971]
  0x00007fc2c083e800 ConcurrentGCThread "G1 Conc#0" [stack: 0x0000700007bb2000,0x0000700007cb2000] [id=18947]
  0x00007fc2c087f800 ConcurrentGCThread "G1 Refine#0" [stack: 0x0000700007cb5000,0x0000700007db5000] [id=12547]
  0x00007fc2c0880000 ConcurrentGCThread "G1 Refine#1" [stack: 0x0000700007db8000,0x0000700007eb8000] [id=13059]
  0x00007fc2c0881000 ConcurrentGCThread "G1 Refine#2" [stack: 0x0000700007ebb000,0x0000700007fbb000] [id=13571]
  0x00007fc2c0022000 ConcurrentGCThread "G1 Refine#3" [stack: 0x0000700007fbe000,0x00007000080be000] [id=18435]
  0x00007fc2c0022800 ConcurrentGCThread "G1 Young RemSet Sampling" [stack: 0x00007000080c1000,0x00007000081c1000] [id=18179]

Threads with active compile tasks:

VM state:not at safepoint (normal execution)

VM Mutex/Monitor currently owned by a thread: None

Heap address: 0x0000000740000000, size: 2048 MB, Compressed Oops mode: Zero based, Oop shift amount: 3
Narrow klass base: 0x0000000000000000, Narrow klass shift: 3
Compressed class space size: 1073741824 Address: 0x00000007c0000000

Heap:
 garbage-first heap   total 157696K, used 68869K [0x0000000740000000, 0x00000007c0000000)
  region size 1024K, 61 young (62464K), 9 survivors (9216K)
 Metaspace       used 32181K, capacity 33172K, committed 33584K, reserved 1079296K
  class space    used 3914K, capacity 4288K, committed 4400K, reserved 1048576K
Heap Regions: E=young(eden), S=young(survivor), O=old, HS=humongous(starts), HC=humongous(continues), CS=collection set, F=free, A=archive, TS=gc time stamp, AC=allocation context, TAMS=top-at-mark-start (previous, next)
|   0|0x0000000740000000, 0x0000000740100000, 0x0000000740100000|100%| O|  |TS  0|AC  0|TAMS 0x0000000740100000, 0x0000000740100000|
|   1|0x0000000740100000, 0x0000000740200000, 0x0000000740200000|100%| O|  |TS  0|AC  0|TAMS 0x0000000740200000, 0x0000000740200000|
|   2|0x0000000740200000, 0x0000000740300000, 0x0000000740300000|100%| O|  |TS  0|AC  0|TAMS 0x0000000740300000, 0x0000000740300000|
|   3|0x0000000740300000, 0x0000000740400000, 0x0000000740400000|100%| O|  |TS  0|AC  0|TAMS 0x0000000740400000, 0x0000000740400000|
|   4|0x0000000740400000, 0x0000000740500000, 0x0000000740500000|100%| O|  |TS  2|AC  0|TAMS 0x00000007404f5800, 0x00000007404f5800|
|   5|0x0000000740500000, 0x0000000740600000, 0x0000000740600000|100%| O|  |TS  2|AC  0|TAMS 0x0000000740500000, 0x0000000740500000|
|   6|0x0000000740600000, 0x0000000740700000, 0x0000000740700000|100%| O|  |TS  2|AC  0|TAMS 0x0000000740600000, 0x0000000740600000|
|   7|0x0000000740700000, 0x00000007407f4000, 0x0000000740800000| 95%| O|  |TS  2|AC  0|TAMS 0x0000000740700000, 0x0000000740700000|
|   8|0x0000000740800000, 0x0000000740800000, 0x0000000740900000|  0%| F|  |TS  0|AC  0|TAMS 0x0000000740800000, 0x0000000740800000|
|   9|0x0000000740900000, 0x0000000740900000, 0x0000000740a00000|  0%| F|  |TS  0|AC  0|TAMS 0x0000000740900000, 0x0000000740900000|
|  10|0x0000000740a00000, 0x0000000740a00000, 0x0000000740b00000|  0%| F|  |TS  0|AC  0|TAMS 0x0000000740a00000, 0x0000000740a00000|
|  11|0x0000000740b00000, 0x0000000740b00000, 0x0000000740c00000|  0%| F|  |TS  0|AC  0|TAMS 0x0000000740b00000, 0x0000000740b00000|
|  12|0x0000000740c00000, 0x0000000740c00000, 0x0000000740d00000|  0%| F|  |TS  0|AC  0|TAMS 0x0000000740c00000, 0x0000000740c00000|
|  13|0x0000000740d00000, 0x0000000740d00000, 0x0000000740e00000|  0%| F|  |TS  0|AC  0|TAMS 0x0000000740d00000, 0x0000000740d00000|
|  14|0x0000000740e00000, 0x0000000740e00000, 0x0000000740f00000|  0%| F|  |TS  0|AC  0|TAMS 0x0000000740e00000, 0x0000000740e00000|
|  15|0x0000000740f00000, 0x0000000740f00000, 0x0000000741000000|  0%| F|  |TS  0|AC  0|TAMS 0x0000000740f00000, 0x0000000740f00000|
|  16|0x0000000741000000, 0x0000000741000000, 0x0000000741100000|  0%| F|  |TS  0|AC  0|TAMS 0x0000000741000000, 0x0000000741000000|
|  17|0x0000000741100000, 0x0000000741100000, 0x0000000741200000|  0%| F|  |TS  0|AC  0|TAMS 0x0000000741100000, 0x0000000741100000|
|  18|0x0000000741200000, 0x0000000741200000, 0x0000000741300000|  0%| F|  |TS  0|AC  0|TAMS 0x0000000741200000, 0x0000000741200000|
|  19|0x0000000741300000, 0x0000000741300000, 0x0000000741400000|  0%| F|  |TS  0|AC  0|TAMS 0x0000000741300000, 0x0000000741300000|
|  20|0x0000000741400000, 0x0000000741400000, 0x0000000741500000|  0%| F|  |TS  0|AC  0|TAMS 0x0000000741400000, 0x0000000741400000|
|  21|0x0000000741500000, 0x0000000741500000, 0x0000000741600000|  0%| F|  |TS  0|AC  0|TAMS 0x0000000741500000, 0x0000000741500000|
|  22|0x0000000741600000, 0x0000000741600000, 0x0000000741700000|  0%| F|  |TS  0|AC  0|TAMS 0x0000000741600000, 0x0000000741600000|
|  23|0x0000000741700000, 0x0000000741700000, 0x0000000741800000|  0%| F|  |TS  0|AC  0|TAMS 0x0000000741700000, 0x0000000741700000|
|  24|0x0000000741800000, 0x0000000741800000, 0x0000000741900000|  0%| F|  |TS  0|AC  0|TAMS 0x0000000741800000, 0x0000000741800000|
|  25|0x0000000741900000, 0x0000000741900000, 0x0000000741a00000|  0%| F|  |TS  0|AC  0|TAMS 0x0000000741900000, 0x0000000741900000|
|  26|0x0000000741a00000, 0x0000000741a00000, 0x0000000741b00000|  0%| F|  |TS  0|AC  0|TAMS 0x0000000741a00000, 0x0000000741a00000|
|  27|0x0000000741b00000, 0x0000000741b00000, 0x0000000741c00000|  0%| F|  |TS  0|AC  0|TAMS 0x0000000741b00000, 0x0000000741b00000|
|  28|0x0000000741c00000, 0x0000000741c00000, 0x0000000741d00000|  0%| F|  |TS  0|AC  0|TAMS 0x0000000741c00000, 0x0000000741c00000|
|  29|0x0000000741d00000, 0x0000000741d00000, 0x0000000741e00000|  0%| F|  |TS  0|AC  0|TAMS 0x0000000741d00000, 0x0000000741d00000|
|  30|0x0000000741e00000, 0x0000000741e00000, 0x0000000741f00000|  0%| F|  |TS  0|AC  0|TAMS 0x0000000741e00000, 0x0000000741e00000|
|  31|0x0000000741f00000, 0x0000000741f00000, 0x0000000742000000|  0%| F|  |TS  0|AC  0|TAMS 0x0000000741f00000, 0x0000000741f00000|
|  32|0x0000000742000000, 0x0000000742000000, 0x0000000742100000|  0%| F|  |TS  0|AC  0|TAMS 0x0000000742000000, 0x0000000742000000|
|  33|0x0000000742100000, 0x0000000742100000, 0x0000000742200000|  0%| F|  |TS  0|AC  0|TAMS 0x0000000742100000, 0x0000000742100000|
|  34|0x0000000742200000, 0x0000000742200000, 0x0000000742300000|  0%| F|  |TS  0|AC  0|TAMS 0x0000000742200000, 0x0000000742200000|
|  35|0x0000000742300000, 0x0000000742300000, 0x0000000742400000|  0%| F|  |TS  0|AC  0|TAMS 0x0000000742300000, 0x0000000742300000|
|  36|0x0000000742400000, 0x0000000742400000, 0x0000000742500000|  0%| F|  |TS  0|AC  0|TAMS 0x0000000742400000, 0x0000000742400000|
|  37|0x0000000742500000, 0x0000000742500000, 0x0000000742600000|  0%| F|  |TS  0|AC  0|TAMS 0x0000000742500000, 0x0000000742500000|
|  38|0x0000000742600000, 0x0000000742600000, 0x0000000742700000|  0%| F|  |TS  0|AC  0|TAMS 0x0000000742600000, 0x0000000742600000|
|  39|0x0000000742700000, 0x0000000742700000, 0x0000000742800000|  0%| F|  |TS  0|AC  0|TAMS 0x0000000742700000, 0x0000000742700000|
|  40|0x0000000742800000, 0x0000000742800000, 0x0000000742900000|  0%| F|  |TS  0|AC  0|TAMS 0x0000000742800000, 0x0000000742800000|
|  41|0x0000000742900000, 0x0000000742900000, 0x0000000742a00000|  0%| F|  |TS  0|AC  0|TAMS 0x0000000742900000, 0x0000000742900000|
|  42|0x0000000742a00000, 0x0000000742a00000, 0x0000000742b00000|  0%| F|  |TS  0|AC  0|TAMS 0x0000000742a00000, 0x0000000742a00000|
|  43|0x0000000742b00000, 0x0000000742b00000, 0x0000000742c00000|  0%| F|  |TS  0|AC  0|TAMS 0x0000000742b00000, 0x0000000742b00000|
|  44|0x0000000742c00000, 0x0000000742c00000, 0x0000000742d00000|  0%| F|  |TS  0|AC  0|TAMS 0x0000000742c00000, 0x0000000742c00000|
|  45|0x0000000742d00000, 0x0000000742d00000, 0x0000000742e00000|  0%| F|  |TS  0|AC  0|TAMS 0x0000000742d00000, 0x0000000742d00000|
|  46|0x0000000742e00000, 0x0000000742e4d428, 0x0000000742f00000| 30%| S|CS|TS  2|AC  0|TAMS 0x0000000742e00000, 0x0000000742e00000|
|  47|0x0000000742f00000, 0x0000000743000000, 0x0000000743000000|100%| S|CS|TS  2|AC  0|TAMS 0x0000000742f00000, 0x0000000742f00000|
|  48|0x0000000743000000, 0x0000000743100000, 0x0000000743100000|100%| S|CS|TS  2|AC  0|TAMS 0x0000000743000000, 0x0000000743000000|
|  49|0x0000000743100000, 0x0000000743200000, 0x0000000743200000|100%| S|CS|TS  2|AC  0|TAMS 0x0000000743100000, 0x0000000743100000|
|  50|0x0000000743200000, 0x0000000743300000, 0x0000000743300000|100%| S|CS|TS  2|AC  0|TAMS 0x0000000743200000, 0x0000000743200000|
|  51|0x0000000743300000, 0x0000000743400000, 0x0000000743400000|100%| S|CS|TS  2|AC  0|TAMS 0x0000000743300000, 0x0000000743300000|
|  52|0x0000000743400000, 0x0000000743500000, 0x0000000743500000|100%| S|CS|TS  2|AC  0|TAMS 0x0000000743400000, 0x0000000743400000|
|  53|0x0000000743500000, 0x0000000743600000, 0x0000000743600000|100%| S|CS|TS  2|AC  0|TAMS 0x0000000743500000, 0x0000000743500000|
|  54|0x0000000743600000, 0x0000000743700000, 0x0000000743700000|100%| S|CS|TS  2|AC  0|TAMS 0x0000000743600000, 0x0000000743600000|
|  55|0x0000000743700000, 0x0000000743700000, 0x0000000743800000|  0%| F|  |TS  2|AC  0|TAMS 0x0000000743700000, 0x0000000743700000|
|  56|0x0000000743800000, 0x0000000743800000, 0x0000000743900000|  0%| F|  |TS  2|AC  0|TAMS 0x0000000743800000, 0x0000000743800000|
|  57|0x0000000743900000, 0x0000000743900000, 0x0000000743a00000|  0%| F|  |TS  2|AC  0|TAMS 0x0000000743900000, 0x0000000743900000|
|  58|0x0000000743a00000, 0x0000000743a00000, 0x0000000743b00000|  0%| F|  |TS  2|AC  0|TAMS 0x0000000743a00000, 0x0000000743a00000|
|  59|0x0000000743b00000, 0x0000000743b00000, 0x0000000743c00000|  0%| F|  |TS  2|AC  0|TAMS 0x0000000743b00000, 0x0000000743b00000|
|  60|0x0000000743c00000, 0x0000000743c00000, 0x0000000743d00000|  0%| F|  |TS  2|AC  0|TAMS 0x0000000743c00000, 0x0000000743c00000|
|  61|0x0000000743d00000, 0x0000000743d00000, 0x0000000743e00000|  0%| F|  |TS  2|AC  0|TAMS 0x0000000743d00000, 0x0000000743d00000|
|  62|0x0000000743e00000, 0x0000000743e00000, 0x0000000743f00000|  0%| F|  |TS  2|AC  0|TAMS 0x0000000743e00000, 0x0000000743e00000|
|  63|0x0000000743f00000, 0x0000000743f00000, 0x0000000744000000|  0%| F|  |TS  2|AC  0|TAMS 0x0000000743f00000, 0x0000000743f00000|
|  64|0x0000000744000000, 0x0000000744000000, 0x0000000744100000|  0%| F|  |TS  2|AC  0|TAMS 0x0000000744000000, 0x0000000744000000|
|  65|0x0000000744100000, 0x0000000744100000, 0x0000000744200000|  0%| F|  |TS  2|AC  0|TAMS 0x0000000744100000, 0x0000000744100000|
|  66|0x0000000744200000, 0x0000000744200000, 0x0000000744300000|  0%| F|  |TS  2|AC  0|TAMS 0x0000000744200000, 0x0000000744200000|
|  67|0x0000000744300000, 0x0000000744300000, 0x0000000744400000|  0%| F|  |TS  2|AC  0|TAMS 0x0000000744300000, 0x0000000744300000|
|  68|0x0000000744400000, 0x0000000744400000, 0x0000000744500000|  0%| F|  |TS  2|AC  0|TAMS 0x0000000744400000, 0x0000000744400000|
|  69|0x0000000744500000, 0x0000000744500000, 0x0000000744600000|  0%| F|  |TS  2|AC  0|TAMS 0x0000000744500000, 0x0000000744500000|
|  70|0x0000000744600000, 0x0000000744600000, 0x0000000744700000|  0%| F|  |TS  2|AC  0|TAMS 0x0000000744600000, 0x0000000744600000|
|  71|0x0000000744700000, 0x0000000744700000, 0x0000000744800000|  0%| F|  |TS  2|AC  0|TAMS 0x0000000744700000, 0x0000000744700000|
|  72|0x0000000744800000, 0x0000000744800000, 0x0000000744900000|  0%| F|  |TS  2|AC  0|TAMS 0x0000000744800000, 0x0000000744800000|
|  73|0x0000000744900000, 0x0000000744900000, 0x0000000744a00000|  0%| F|  |TS  2|AC  0|TAMS 0x0000000744900000, 0x0000000744900000|
|  74|0x0000000744a00000, 0x0000000744a00000, 0x0000000744b00000|  0%| F|  |TS  2|AC  0|TAMS 0x0000000744a00000, 0x0000000744a00000|
|  75|0x0000000744b00000, 0x0000000744b00000, 0x0000000744c00000|  0%| F|  |TS  2|AC  0|TAMS 0x0000000744b00000, 0x0000000744b00000|
|  76|0x0000000744c00000, 0x0000000744c00000, 0x0000000744d00000|  0%| F|  |TS  2|AC  0|TAMS 0x0000000744c00000, 0x0000000744c00000|
|  77|0x0000000744d00000, 0x0000000744d00000, 0x0000000744e00000|  0%| F|  |TS  2|AC  0|TAMS 0x0000000744d00000, 0x0000000744d00000|
|  78|0x0000000744e00000, 0x0000000744e00000, 0x0000000744f00000|  0%| F|  |TS  2|AC  0|TAMS 0x0000000744e00000, 0x0000000744e00000|
|  79|0x0000000744f00000, 0x0000000744f00000, 0x0000000745000000|  0%| F|  |TS  2|AC  0|TAMS 0x0000000744f00000, 0x0000000744f00000|
|  80|0x0000000745000000, 0x0000000745000000, 0x0000000745100000|  0%| F|  |TS  2|AC  0|TAMS 0x0000000745000000, 0x0000000745000000|
|  81|0x0000000745100000, 0x0000000745100000, 0x0000000745200000|  0%| F|  |TS  2|AC  0|TAMS 0x0000000745100000, 0x0000000745100000|
|  82|0x0000000745200000, 0x0000000745200000, 0x0000000745300000|  0%| F|  |TS  2|AC  0|TAMS 0x0000000745200000, 0x0000000745200000|
|  83|0x0000000745300000, 0x0000000745300000, 0x0000000745400000|  0%| F|  |TS  2|AC  0|TAMS 0x0000000745300000, 0x0000000745300000|
|  84|0x0000000745400000, 0x0000000745400000, 0x0000000745500000|  0%| F|  |TS  2|AC  0|TAMS 0x0000000745400000, 0x0000000745400000|
|  85|0x0000000745500000, 0x0000000745500000, 0x0000000745600000|  0%| F|  |TS  2|AC  0|TAMS 0x0000000745500000, 0x0000000745500000|
|  86|0x0000000745600000, 0x0000000745600000, 0x0000000745700000|  0%| F|  |TS  2|AC  0|TAMS 0x0000000745600000, 0x0000000745600000|
|  87|0x0000000745700000, 0x0000000745700000, 0x0000000745800000|  0%| F|  |TS  2|AC  0|TAMS 0x0000000745700000, 0x0000000745700000|
|  88|0x0000000745800000, 0x0000000745800000, 0x0000000745900000|  0%| F|  |TS  2|AC  0|TAMS 0x0000000745800000, 0x0000000745800000|
|  89|0x0000000745900000, 0x0000000745900000, 0x0000000745a00000|  0%| F|  |TS  2|AC  0|TAMS 0x0000000745900000, 0x0000000745900000|
|  90|0x0000000745a00000, 0x0000000745a00000, 0x0000000745b00000|  0%| F|  |TS  2|AC  0|TAMS 0x0000000745a00000, 0x0000000745a00000|
|  91|0x0000000745b00000, 0x0000000745b00000, 0x0000000745c00000|  0%| F|  |TS  2|AC  0|TAMS 0x0000000745b00000, 0x0000000745b00000|
|  92|0x0000000745c00000, 0x0000000745c00000, 0x0000000745d00000|  0%| F|  |TS  2|AC  0|TAMS 0x0000000745c00000, 0x0000000745c00000|
|  93|0x0000000745d00000, 0x0000000745d00000, 0x0000000745e00000|  0%| F|  |TS  2|AC  0|TAMS 0x0000000745d00000, 0x0000000745d00000|
|  94|0x0000000745e00000, 0x0000000745e00000, 0x0000000745f00000|  0%| F|  |TS  2|AC  0|TAMS 0x0000000745e00000, 0x0000000745e00000|
|  95|0x0000000745f00000, 0x0000000745f00000, 0x0000000746000000|  0%| F|  |TS  2|AC  0|TAMS 0x0000000745f00000, 0x0000000745f00000|
|  96|0x0000000746000000, 0x0000000746000000, 0x0000000746100000|  0%| F|  |TS  2|AC  0|TAMS 0x0000000746000000, 0x0000000746000000|
|  97|0x0000000746100000, 0x0000000746100000, 0x0000000746200000|  0%| F|  |TS  2|AC  0|TAMS 0x0000000746100000, 0x0000000746100000|
|  98|0x0000000746200000, 0x0000000746200000, 0x0000000746300000|  0%| F|  |TS  2|AC  0|TAMS 0x0000000746200000, 0x0000000746200000|
|  99|0x0000000746300000, 0x0000000746300000, 0x0000000746400000|  0%| F|  |TS  2|AC  0|TAMS 0x0000000746300000, 0x0000000746300000|
| 100|0x0000000746400000, 0x0000000746400000, 0x0000000746500000|  0%| F|  |TS  2|AC  0|TAMS 0x0000000746400000, 0x0000000746400000|
| 101|0x0000000746500000, 0x0000000746500000, 0x0000000746600000|  0%| F|  |TS  2|AC  0|TAMS 0x0000000746500000, 0x0000000746500000|
| 102|0x0000000746600000, 0x0000000746700000, 0x0000000746700000|100%| E|  |TS  2|AC  0|TAMS 0x0000000746600000, 0x0000000746600000|
| 103|0x0000000746700000, 0x0000000746800000, 0x0000000746800000|100%| E|CS|TS  2|AC  0|TAMS 0x0000000746700000, 0x0000000746700000|
| 104|0x0000000746800000, 0x0000000746900000, 0x0000000746900000|100%| E|CS|TS  2|AC  0|TAMS 0x0000000746800000, 0x0000000746800000|
| 105|0x0000000746900000, 0x0000000746a00000, 0x0000000746a00000|100%| E|CS|TS  2|AC  0|TAMS 0x0000000746900000, 0x0000000746900000|
| 106|0x0000000746a00000, 0x0000000746b00000, 0x0000000746b00000|100%| E|CS|TS  2|AC  0|TAMS 0x0000000746a00000, 0x0000000746a00000|
| 107|0x0000000746b00000, 0x0000000746c00000, 0x0000000746c00000|100%| E|CS|TS  2|AC  0|TAMS 0x0000000746b00000, 0x0000000746b00000|
| 108|0x0000000746c00000, 0x0000000746d00000, 0x0000000746d00000|100%| E|CS|TS  2|AC  0|TAMS 0x0000000746c00000, 0x0000000746c00000|
| 109|0x0000000746d00000, 0x0000000746e00000, 0x0000000746e00000|100%| E|CS|TS  2|AC  0|TAMS 0x0000000746d00000, 0x0000000746d00000|
| 110|0x0000000746e00000, 0x0000000746f00000, 0x0000000746f00000|100%| E|CS|TS  2|AC  0|TAMS 0x0000000746e00000, 0x0000000746e00000|
| 111|0x0000000746f00000, 0x0000000747000000, 0x0000000747000000|100%| E|CS|TS  2|AC  0|TAMS 0x0000000746f00000, 0x0000000746f00000|
| 112|0x0000000747000000, 0x0000000747100000, 0x0000000747100000|100%| E|CS|TS  2|AC  0|TAMS 0x0000000747000000, 0x0000000747000000|
| 113|0x0000000747100000, 0x0000000747200000, 0x0000000747200000|100%| E|CS|TS  2|AC  0|TAMS 0x0000000747100000, 0x0000000747100000|
| 114|0x0000000747200000, 0x0000000747300000, 0x0000000747300000|100%| E|CS|TS  2|AC  0|TAMS 0x0000000747200000, 0x0000000747200000|
| 115|0x0000000747300000, 0x0000000747400000, 0x0000000747400000|100%| E|CS|TS  2|AC  0|TAMS 0x0000000747300000, 0x0000000747300000|
| 116|0x0000000747400000, 0x0000000747500000, 0x0000000747500000|100%| E|CS|TS  2|AC  0|TAMS 0x0000000747400000, 0x0000000747400000|
| 117|0x0000000747500000, 0x0000000747600000, 0x0000000747600000|100%| E|CS|TS  2|AC  0|TAMS 0x0000000747500000, 0x0000000747500000|
| 118|0x0000000747600000, 0x0000000747700000, 0x0000000747700000|100%| E|CS|TS  2|AC  0|TAMS 0x0000000747600000, 0x0000000747600000|
| 119|0x0000000747700000, 0x0000000747800000, 0x0000000747800000|100%| E|CS|TS  2|AC  0|TAMS 0x0000000747700000, 0x0000000747700000|
| 120|0x0000000747800000, 0x0000000747900000, 0x0000000747900000|100%| E|CS|TS  2|AC  0|TAMS 0x0000000747800000, 0x0000000747800000|
| 121|0x0000000747900000, 0x0000000747a00000, 0x0000000747a00000|100%| E|CS|TS  2|AC  0|TAMS 0x0000000747900000, 0x0000000747900000|
| 122|0x0000000747a00000, 0x0000000747b00000, 0x0000000747b00000|100%| E|CS|TS  2|AC  0|TAMS 0x0000000747a00000, 0x0000000747a00000|
| 123|0x0000000747b00000, 0x0000000747c00000, 0x0000000747c00000|100%| E|CS|TS  2|AC  0|TAMS 0x0000000747b00000, 0x0000000747b00000|
| 124|0x0000000747c00000, 0x0000000747d00000, 0x0000000747d00000|100%| E|CS|TS  2|AC  0|TAMS 0x0000000747c00000, 0x0000000747c00000|
| 125|0x0000000747d00000, 0x0000000747e00000, 0x0000000747e00000|100%| E|CS|TS  2|AC  0|TAMS 0x0000000747d00000, 0x0000000747d00000|
| 126|0x0000000747e00000, 0x0000000747f00000, 0x0000000747f00000|100%| E|CS|TS  2|AC  0|TAMS 0x0000000747e00000, 0x0000000747e00000|
| 127|0x0000000747f00000, 0x0000000748000000, 0x0000000748000000|100%| E|CS|TS  2|AC  0|TAMS 0x0000000747f00000, 0x0000000747f00000|
| 128|0x0000000748000000, 0x0000000748100000, 0x0000000748100000|100%| E|CS|TS  2|AC  0|TAMS 0x0000000748000000, 0x0000000748000000|
| 129|0x0000000748100000, 0x0000000748200000, 0x0000000748200000|100%| E|CS|TS  2|AC  0|TAMS 0x0000000748100000, 0x0000000748100000|
| 130|0x0000000748200000, 0x0000000748300000, 0x0000000748300000|100%| E|CS|TS  2|AC  0|TAMS 0x0000000748200000, 0x0000000748200000|
| 131|0x0000000748300000, 0x0000000748400000, 0x0000000748400000|100%| E|CS|TS  2|AC  0|TAMS 0x0000000748300000, 0x0000000748300000|
| 132|0x0000000748400000, 0x0000000748500000, 0x0000000748500000|100%| E|CS|TS  2|AC  0|TAMS 0x0000000748400000, 0x0000000748400000|
| 133|0x0000000748500000, 0x0000000748600000, 0x0000000748600000|100%| E|CS|TS  2|AC  0|TAMS 0x0000000748500000, 0x0000000748500000|
| 134|0x0000000748600000, 0x0000000748700000, 0x0000000748700000|100%| E|CS|TS  2|AC  0|TAMS 0x0000000748600000, 0x0000000748600000|
| 135|0x0000000748700000, 0x0000000748800000, 0x0000000748800000|100%| E|CS|TS  2|AC  0|TAMS 0x0000000748700000, 0x0000000748700000|
| 136|0x0000000748800000, 0x0000000748900000, 0x0000000748900000|100%| E|CS|TS  2|AC  0|TAMS 0x0000000748800000, 0x0000000748800000|
| 137|0x0000000748900000, 0x0000000748a00000, 0x0000000748a00000|100%| E|CS|TS  2|AC  0|TAMS 0x0000000748900000, 0x0000000748900000|
| 138|0x0000000748a00000, 0x0000000748b00000, 0x0000000748b00000|100%| E|CS|TS  2|AC  0|TAMS 0x0000000748a00000, 0x0000000748a00000|
| 139|0x0000000748b00000, 0x0000000748c00000, 0x0000000748c00000|100%| E|CS|TS  2|AC  0|TAMS 0x0000000748b00000, 0x0000000748b00000|
| 140|0x0000000748c00000, 0x0000000748d00000, 0x0000000748d00000|100%| E|CS|TS  2|AC  0|TAMS 0x0000000748c00000, 0x0000000748c00000|
| 141|0x0000000748d00000, 0x0000000748e00000, 0x0000000748e00000|100%| E|CS|TS  2|AC  0|TAMS 0x0000000748d00000, 0x0000000748d00000|
| 142|0x0000000748e00000, 0x0000000748f00000, 0x0000000748f00000|100%| E|CS|TS  2|AC  0|TAMS 0x0000000748e00000, 0x0000000748e00000|
| 143|0x0000000748f00000, 0x0000000749000000, 0x0000000749000000|100%| E|CS|TS  2|AC  0|TAMS 0x0000000748f00000, 0x0000000748f00000|
| 144|0x0000000749000000, 0x0000000749100000, 0x0000000749100000|100%| E|CS|TS  2|AC  0|TAMS 0x0000000749000000, 0x0000000749000000|
| 145|0x0000000749100000, 0x0000000749200000, 0x0000000749200000|100%| E|CS|TS  2|AC  0|TAMS 0x0000000749100000, 0x0000000749100000|
| 146|0x0000000749200000, 0x0000000749300000, 0x0000000749300000|100%| E|CS|TS  2|AC  0|TAMS 0x0000000749200000, 0x0000000749200000|
| 147|0x0000000749300000, 0x0000000749400000, 0x0000000749400000|100%| E|CS|TS  2|AC  0|TAMS 0x0000000749300000, 0x0000000749300000|
| 148|0x0000000749400000, 0x0000000749500000, 0x0000000749500000|100%| E|CS|TS  2|AC  0|TAMS 0x0000000749400000, 0x0000000749400000|
| 149|0x0000000749500000, 0x0000000749600000, 0x0000000749600000|100%| E|CS|TS  2|AC  0|TAMS 0x0000000749500000, 0x0000000749500000|
| 150|0x0000000749600000, 0x0000000749700000, 0x0000000749700000|100%| E|CS|TS  2|AC  0|TAMS 0x0000000749600000, 0x0000000749600000|
| 151|0x0000000749700000, 0x0000000749800000, 0x0000000749800000|100%| E|CS|TS  2|AC  0|TAMS 0x0000000749700000, 0x0000000749700000|
| 152|0x0000000749800000, 0x0000000749900000, 0x0000000749900000|100%| E|CS|TS  2|AC  0|TAMS 0x0000000749800000, 0x0000000749800000|
| 153|0x0000000749900000, 0x0000000749a00000, 0x0000000749a00000|100%| E|CS|TS  2|AC  0|TAMS 0x0000000749900000, 0x0000000749900000|

Card table byte_map: [0x0000000102d23000,0x0000000103123000] byte_map_base: 0x00000000ff323000

Marking Bits (Prev, Next): (CMBitMap*) 0x00007fc2c083d298, (CMBitMap*) 0x00007fc2c083d260
 Prev Bits: [0x00000001212eb000, 0x00000001232eb000)
 Next Bits: [0x0000000103523000, 0x0000000105523000)

Polling page: 0x0000000101951000

CodeHeap 'non-profiled nmethods': size=238948Kb used=5994Kb max_used=5994Kb free=232953Kb
 bounds [0x0000000112992000, 0x0000000112f72000, 0x00000001212eb000]
CodeHeap 'non-nmethods': size=6812Kb used=2324Kb max_used=2324Kb free=4487Kb
 bounds [0x00000001122eb000, 0x000000011255b000, 0x0000000112992000]
 total_blobs=3954 nmethods=3446 adapters=409
 compilation: enabled

Compilation events (10 events):
Event: 6.122 Thread 0x00007fc2c1022000 3461       1       org.springframework.core.annotation.AnnotatedElementUtils$SimpleAnnotationProcessor::alwaysProcesses (5 bytes)
Event: 6.122 Thread 0x00007fc2c1022000 nmethod 3461 0x0000000112f69b90 code [0x0000000112f69d40, 0x0000000112f69e50]
Event: 6.123 Thread 0x00007fc2c001b000 3462   !   1       com.sun.proxy.$Proxy4::equals (39 bytes)
Event: 6.123 Thread 0x00007fc2c001b000 nmethod 3462 0x0000000112f69f10 code [0x0000000112f6a100, 0x0000000112f6a578]
Event: 6.124 Thread 0x00007fc2c1021000 3463   !   1       com.sun.proxy.$Proxy38::annotationType (29 bytes)
Event: 6.124 Thread 0x00007fc2c1021000 nmethod 3463 0x0000000112f6a810 code [0x0000000112f6aa00, 0x0000000112f6ac78]
Event: 6.125 Thread 0x00007fc2c1022000 3464   !   1       org.springframework.context.annotation.ConfigurationClassUtils::checkConfigurationClassCandidate (235 bytes)
Event: 6.125 Thread 0x00007fc2c001b000 3465       1       org.springframework.context.annotation.ConfigurationClassUtils::isFullConfigurationCandidate (12 bytes)
Event: 6.125 Thread 0x00007fc2c001b000 nmethod 3465 0x0000000112f6ae10 code [0x0000000112f6afe0, 0x0000000112f6b1b8]
Event: 6.126 Thread 0x00007fc2c1022000 nmethod 3464 0x0000000112f6b290 code [0x0000000112f6b640, 0x0000000112f6c578]

GC Heap History (10 events):
Event: 2.275 GC heap before
{Heap before GC invocations=2 (full 0):
 garbage-first heap   total 131072K, used 31606K [0x0000000740000000, 0x00000007c0000000)
  region size 1024K, 26 young (26624K), 1 survivors (1024K)
 Metaspace       used 15838K, capacity 16280K, committed 16512K, reserved 1064960K
  class space    used 1655K, capacity 1846K, committed 1920K, reserved 1048576K
}
Event: 2.281 GC heap after
{Heap after GC invocations=3 (full 0):
 garbage-first heap   total 131072K, used 7265K [0x0000000740000000, 0x00000007c0000000)
  region size 1024K, 3 young (3072K), 3 survivors (3072K)
 Metaspace       used 15838K, capacity 16280K, committed 16512K, reserved 1064960K
  class space    used 1655K, capacity 1846K, committed 1920K, reserved 1048576K
}
Event: 2.685 GC heap before
{Heap before GC invocations=3 (full 0):
 garbage-first heap   total 131072K, used 44129K [0x0000000740000000, 0x00000007c0000000)
  region size 1024K, 39 young (39936K), 3 survivors (3072K)
 Metaspace       used 18982K, capacity 19539K, committed 19712K, reserved 1067008K
  class space    used 2038K, capacity 2301K, committed 2304K, reserved 1048576K
}
Event: 2.690 GC heap after
{Heap after GC invocations=4 (full 0):
 garbage-first heap   total 131072K, used 8062K [0x0000000740000000, 0x00000007c0000000)
  region size 1024K, 3 young (3072K), 3 survivors (3072K)
 Metaspace       used 18982K, capacity 19539K, committed 19712K, reserved 1067008K
  class space    used 2038K, capacity 2301K, committed 2304K, reserved 1048576K
}
Event: 2.990 GC heap before
{Heap before GC invocations=4 (full 0):
 garbage-first heap   total 131072K, used 19326K [0x0000000740000000, 0x00000007c0000000)
  region size 1024K, 15 young (15360K), 3 survivors (3072K)
 Metaspace       used 20429K, capacity 21087K, committed 21296K, reserved 1069056K
  class space    used 2322K, capacity 2604K, committed 2608K, reserved 1048576K
}
Event: 2.995 GC heap after
{Heap after GC invocations=5 (full 0):
 garbage-first heap   total 131072K, used 8518K [0x0000000740000000, 0x00000007c0000000)
  region size 1024K, 4 young (4096K), 4 survivors (4096K)
 Metaspace       used 20429K, capacity 21087K, committed 21296K, reserved 1069056K
  class space    used 2322K, capacity 2604K, committed 2608K, reserved 1048576K
}
Event: 4.216 GC heap before
{Heap before GC invocations=6 (full 0):
 garbage-first heap   total 131072K, used 68934K [0x0000000740000000, 0x00000007c0000000)
  region size 1024K, 63 young (64512K), 4 survivors (4096K)
 Metaspace       used 28393K, capacity 29081K, committed 29488K, reserved 1075200K
  class space    used 3310K, capacity 3609K, committed 3632K, reserved 1048576K
}
Event: 4.229 GC heap after
{Heap after GC invocations=7 (full 0):
 garbage-first heap   total 131072K, used 13270K [0x0000000740000000, 0x00000007c0000000)
  region size 1024K, 8 young (8192K), 8 survivors (8192K)
 Metaspace       used 28393K, capacity 29081K, committed 29488K, reserved 1075200K
  class space    used 3310K, capacity 3609K, committed 3632K, reserved 1048576K
}
Event: 5.302 GC heap before
{Heap before GC invocations=7 (full 0):
 garbage-first heap   total 131072K, used 79830K [0x0000000740000000, 0x00000007c0000000)
  region size 1024K, 73 young (74752K), 8 survivors (8192K)
 Metaspace       used 29023K, capacity 29880K, committed 30128K, reserved 1075200K
  class space    used 3407K, capacity 3758K, committed 3760K, reserved 1048576K
}
Event: 5.324 GC heap after
{Heap after GC invocations=8 (full 0):
 garbage-first heap   total 157696K, used 16645K [0x0000000740000000, 0x00000007c0000000)
  region size 1024K, 9 young (9216K), 9 survivors (9216K)
 Metaspace       used 29023K, capacity 29880K, committed 30128K, reserved 1075200K
  class space    used 3407K, capacity 3758K, committed 3760K, reserved 1048576K
}

Deoptimization events (0 events):
No events

Classes redefined (0 events):
No events

Internal exceptions (10 events):
Event: 3.669 Thread 0x00007fc2c0ab8800 Exception <a 'java/lang/IncompatibleClassChangeError'{0x0000000745d56f88}: Found class java.lang.Object, but interface was expected> (0x0000000745d56f88) thrown at [/scratch/mesos/slaves/555f5737-a945-4eb0-8d30-afb1fc816afd-S70/frameworks/1735e8a2-a1db-47
Event: 3.683 Thread 0x00007fc2c0ab8800 Exception <a 'java/lang/NoSuchMethodError'{0x0000000745dfcd60}: java.lang.invoke.DirectMethodHandle$Holder.invokeStatic(Ljava/lang/Object;Ljava/lang/Object;Ljava/lang/Object;Ljava/lang/Object;)V> (0x0000000745dfcd60) thrown at [/scratch/mesos/slaves/555f5
Event: 4.028 Thread 0x00007fc2c0b77800 Exception <a 'java/lang/NoSuchMethodError'{0x0000000744bf5b80}: java.lang.invoke.DirectMethodHandle$Holder.invokeStatic(Ljava/lang/Object;Ljava/lang/Object;Ljava/lang/Object;Ljava/lang/Object;)I> (0x0000000744bf5b80) thrown at [/scratch/mesos/slaves/555f5
Event: 4.056 Thread 0x00007fc2c0218000 Exception <a 'java/lang/reflect/InvocationTargetException'{0x000000074620c520}> (0x000000074620c520) thrown at [/scratch/mesos/slaves/555f5737-a945-4eb0-8d30-afb1fc816afd-S70/frameworks/1735e8a2-a1db-478c-8104-60c8b0af87dd-0196/executors/5e9592f9-a111-4fb
Event: 4.565 Thread 0x00007fc2c0218000 Exception <a 'java/lang/reflect/InvocationTargetException'{0x00000007476dfd28}> (0x00000007476dfd28) thrown at [/scratch/mesos/slaves/555f5737-a945-4eb0-8d30-afb1fc816afd-S70/frameworks/1735e8a2-a1db-478c-8104-60c8b0af87dd-0196/executors/5e9592f9-a111-4fb
Event: 5.073 Thread 0x00007fc2c0218000 Exception <a 'java/lang/reflect/InvocationTargetException'{0x00000007465a25e0}> (0x00000007465a25e0) thrown at [/scratch/mesos/slaves/555f5737-a945-4eb0-8d30-afb1fc816afd-S70/frameworks/1735e8a2-a1db-478c-8104-60c8b0af87dd-0196/executors/5e9592f9-a111-4fb
Event: 5.578 Thread 0x00007fc2c0218000 Exception <a 'java/lang/reflect/InvocationTargetException'{0x0000000748c97268}> (0x0000000748c97268) thrown at [/scratch/mesos/slaves/555f5737-a945-4eb0-8d30-afb1fc816afd-S70/frameworks/1735e8a2-a1db-478c-8104-60c8b0af87dd-0196/executors/5e9592f9-a111-4fb
Event: 5.609 Thread 0x00007fc2c0b77800 Exception <a 'java/lang/NoSuchMethodError'{0x0000000748ac3c10}: java.lang.invoke.DirectMethodHandle$Holder.invokeInterface(Ljava/lang/Object;Ljava/lang/Object;Ljava/lang/Object;Ljava/lang/Object;)V> (0x0000000748ac3c10) thrown at [/scratch/mesos/slaves/55
Event: 6.011 Thread 0x00007fc2c0b77800 Exception <a 'java/lang/NoSuchMethodError'{0x000000074707dc58}: java.lang.Object.lambda$of$0([Ljava/lang/Object;)Ljava/util/Iterator;> (0x000000074707dc58) thrown at [/scratch/mesos/slaves/555f5737-a945-4eb0-8d30-afb1fc816afd-S70/frameworks/1735e8a2-a1db-
Event: 6.084 Thread 0x00007fc2c0218000 Exception <a 'java/lang/reflect/InvocationTargetException'{0x0000000748b8a7b8}> (0x0000000748b8a7b8) thrown at [/scratch/mesos/slaves/555f5737-a945-4eb0-8d30-afb1fc816afd-S70/frameworks/1735e8a2-a1db-478c-8104-60c8b0af87dd-0196/executors/5e9592f9-a111-4fb

Events (10 events):
Event: 6.127 Thread 0x00007fc2c0b77800 DEOPT PACKING pc=0x0000000112d7b644 sp=0x0000700009801320
Event: 6.127 Thread 0x00007fc2c0b77800 DEOPT UNPACKING pc=0x000000011232383a sp=0x00007000098007e8 mode 1
Event: 6.127 Thread 0x00007fc2c0b77800 DEOPT PACKING pc=0x0000000112d74774 sp=0x0000700009801380
Event: 6.127 Thread 0x00007fc2c0b77800 DEOPT UNPACKING pc=0x000000011232383a sp=0x00007000098008f0 mode 1
Event: 6.127 loading class javax/persistence/PersistenceContext
Event: 6.127 loading class javax/persistence/PersistenceContext done
Event: 6.127 loading class javax/persistence/PersistenceContextType
Event: 6.127 loading class javax/persistence/PersistenceContextType done
Event: 6.127 loading class javax/persistence/PersistenceProperty
Event: 6.127 loading class javax/persistence/PersistenceProperty done


Dynamic libraries:
0x00007fff3e600000 	/System/Library/Frameworks/Cocoa.framework/Versions/A/Cocoa
0x00007fff4abd7000 	/System/Library/Frameworks/Security.framework/Versions/A/Security
0x00007fff3d244000 	/System/Library/Frameworks/ApplicationServices.framework/Versions/A/ApplicationServices
0x00007fff66f38000 	/usr/lib/libz.1.dylib
0x00007fff64e73000 	/usr/lib/libSystem.B.dylib
0x00007fff3edb5000 	/System/Library/Frameworks/CoreFoundation.framework/Versions/A/CoreFoundation
0x00007fff40f09000 	/System/Library/Frameworks/Foundation.framework/Versions/C/Foundation
0x00007fff66522000 	/usr/lib/libobjc.A.dylib
0x00007fff3c394000 	/System/Library/Frameworks/AppKit.framework/Versions/C/AppKit
0x00007fff3e978000 	/System/Library/Frameworks/CoreData.framework/Versions/A/CoreData
0x00007fff5e7c7000 	/System/Library/PrivateFrameworks/RemoteViewServices.framework/Versions/A/RemoteViewServices
0x00007fff62f18000 	/System/Library/PrivateFrameworks/UIFoundation.framework/Versions/A/UIFoundation
0x00007fff53629000 	/System/Library/PrivateFrameworks/DFRFoundation.framework/Versions/A/DFRFoundation
0x00007fff4354d000 	/System/Library/Frameworks/Metal.framework/Versions/A/Metal
0x00007fff537c6000 	/System/Library/PrivateFrameworks/DesktopServicesPriv.framework/Versions/A/DesktopServicesPriv
0x00007fff65a78000 	/usr/lib/libenergytrace.dylib
0x00007fff60f8d000 	/System/Library/PrivateFrameworks/SkyLight.framework/Versions/A/SkyLight
0x00007fff3f258000 	/System/Library/Frameworks/CoreGraphics.framework/Versions/A/CoreGraphics
0x00007fff64e6e000 	/usr/lib/libScreenReader.dylib
0x00007fff3b32f000 	/System/Library/Frameworks/Accelerate.framework/Versions/A/Accelerate
0x00007fff41682000 	/System/Library/Frameworks/IOSurface.framework/Versions/A/IOSurface
0x00007fff3d78e000 	/System/Library/Frameworks/AudioToolbox.framework/Versions/A/AudioToolbox
0x00007fff3da1d000 	/System/Library/Frameworks/AudioUnit.framework/Versions/A/AudioUnit
0x00007fff536c1000 	/System/Library/PrivateFrameworks/DataDetectorsCore.framework/Versions/A/DataDetectorsCore
0x00007fff3e0f3000 	/System/Library/Frameworks/Carbon.framework/Versions/A/Frameworks/HIToolbox.framework/Versions/A/HIToolbox
0x00007fff65bd2000 	/usr/lib/libicucore.A.dylib
0x00007fff4a158000 	/System/Library/Frameworks/QuartzCore.framework/Versions/A/QuartzCore
0x00007fff60244000 	/System/Library/PrivateFrameworks/SignpostNotification.framework/Versions/A/SignpostNotification
0x00007fff3e4d9000 	/System/Library/Frameworks/Carbon.framework/Versions/A/Frameworks/SpeechRecognition.framework/Versions/A/SpeechRecognition
0x00007fff64fcf000 	/usr/lib/libauto.dylib
0x00007fff66e27000 	/usr/lib/libxml2.2.dylib
0x00007fff5327c000 	/System/Library/PrivateFrameworks/CoreUI.framework/Versions/A/CoreUI
0x00007fff3e854000 	/System/Library/Frameworks/CoreAudio.framework/Versions/A/CoreAudio
0x00007fff40d43000 	/System/Library/Frameworks/DiskArbitration.framework/Versions/A/DiskArbitration
0x00007fff65e46000 	/usr/lib/liblangid.dylib
0x00007fff5acd7000 	/System/Library/PrivateFrameworks/MultitouchSupport.framework/Versions/A/MultitouchSupport
0x00007fff415e5000 	/System/Library/Frameworks/IOKit.framework/Versions/A/IOKit
0x00007fff64afd000 	/usr/lib/libDiagnosticMessagesClient.dylib
0x00007fff3ff21000 	/System/Library/Frameworks/CoreServices.framework/Versions/A/CoreServices
0x00007fff5c805000 	/System/Library/PrivateFrameworks/PerformanceAnalysis.framework/Versions/A/PerformanceAnalysis
0x00007fff492fa000 	/System/Library/Frameworks/OpenGL.framework/Versions/A/OpenGL
0x00007fff3e60e000 	/System/Library/Frameworks/ColorSync.framework/Versions/A/ColorSync
0x00007fff3f86a000 	/System/Library/Frameworks/CoreImage.framework/Versions/A/CoreImage
0x00007fff408b1000 	/System/Library/Frameworks/CoreText.framework/Versions/A/CoreText
0x00007fff416e0000 	/System/Library/Frameworks/ImageIO.framework/Versions/A/ImageIO
0x00007fff4f9c4000 	/System/Library/PrivateFrameworks/Backup.framework/Versions/A/Backup
0x00007fff64f1f000 	/usr/lib/libarchive.2.dylib
0x00007fff3dd3f000 	/System/Library/Frameworks/CFNetwork.framework/Versions/A/CFNetwork
0x00007fff4b367000 	/System/Library/Frameworks/SystemConfiguration.framework/Versions/A/SystemConfiguration
0x00007fff64a26000 	/usr/lib/libCRFSuite.dylib
0x00007fff650a8000 	/usr/lib/libc++.1.dylib
0x00007fff650ff000 	/usr/lib/libc++abi.dylib
0x00007fff66fe6000 	/usr/lib/system/libcache.dylib
0x00007fff66feb000 	/usr/lib/system/libcommonCrypto.dylib
0x00007fff66ff6000 	/usr/lib/system/libcompiler_rt.dylib
0x00007fff66ffe000 	/usr/lib/system/libcopyfile.dylib
0x00007fff67008000 	/usr/lib/system/libcorecrypto.dylib
0x00007fff67115000 	/usr/lib/system/libdispatch.dylib
0x00007fff6714f000 	/usr/lib/system/libdyld.dylib
0x00007fff6716d000 	/usr/lib/system/libkeymgr.dylib
0x00007fff6717b000 	/usr/lib/system/liblaunch.dylib
0x00007fff6717c000 	/usr/lib/system/libmacho.dylib
0x00007fff67181000 	/usr/lib/system/libquarantine.dylib
0x00007fff67184000 	/usr/lib/system/libremovefile.dylib
0x00007fff67186000 	/usr/lib/system/libsystem_asl.dylib
0x00007fff6719e000 	/usr/lib/system/libsystem_blocks.dylib
0x00007fff6719f000 	/usr/lib/system/libsystem_c.dylib
0x00007fff67229000 	/usr/lib/system/libsystem_configuration.dylib
0x00007fff6722d000 	/usr/lib/system/libsystem_coreservices.dylib
0x00007fff67231000 	/usr/lib/system/libsystem_darwin.dylib
0x00007fff67233000 	/usr/lib/system/libsystem_dnssd.dylib
0x00007fff6723a000 	/usr/lib/system/libsystem_info.dylib
0x00007fff672ab000 	/usr/lib/system/libsystem_m.dylib
0x00007fff672f7000 	/usr/lib/system/libsystem_malloc.dylib
0x00007fff67317000 	/usr/lib/system/libsystem_network.dylib
0x00007fff67448000 	/usr/lib/system/libsystem_networkextension.dylib
0x00007fff67453000 	/usr/lib/system/libsystem_notify.dylib
0x00007fff67471000 	/usr/lib/system/libsystem_sandbox.dylib
0x00007fff67475000 	/usr/lib/system/libsystem_secinit.dylib
0x00007fff67284000 	/usr/lib/system/libsystem_kernel.dylib
0x00007fff6745d000 	/usr/lib/system/libsystem_platform.dylib
0x00007fff67465000 	/usr/lib/system/libsystem_pthread.dylib
0x00007fff67477000 	/usr/lib/system/libsystem_symptoms.dylib
0x00007fff6747f000 	/usr/lib/system/libsystem_trace.dylib
0x00007fff67494000 	/usr/lib/system/libunwind.dylib
0x00007fff6749a000 	/usr/lib/system/libxpc.dylib
0x00007fff64939000 	/usr/lib/closure/libclosured.dylib
0x00007fff65089000 	/usr/lib/libbsm.0.dylib
0x00007fff6716e000 	/usr/lib/system/libkxld.dylib
0x00007fff64d37000 	/usr/lib/libOpenScriptingUtil.dylib
0x00007fff653f7000 	/usr/lib/libcoretls.dylib
0x00007fff65410000 	/usr/lib/libcoretls_cfhelpers.dylib
0x00007fff66923000 	/usr/lib/libpam.2.dylib
0x00007fff66a4a000 	/usr/lib/libsqlite3.dylib
0x00007fff66e16000 	/usr/lib/libxar.1.dylib
0x00007fff6509a000 	/usr/lib/libbz2.1.0.dylib
0x00007fff65e48000 	/usr/lib/liblzma.5.dylib
0x00007fff66329000 	/usr/lib/libnetwork.dylib
0x00007fff64f08000 	/usr/lib/libapple_nghttp2.dylib
0x00007fff6692a000 	/usr/lib/libpcap.A.dylib
0x00007fff64fd0000 	/usr/lib/libboringssl.dylib
0x00007fff66db1000 	/usr/lib/libusrtcp.dylib
0x00007fff64f07000 	/usr/lib/libapple_crypto.dylib
0x00007fff402a4000 	/System/Library/Frameworks/CoreServices.framework/Versions/A/Frameworks/FSEvents.framework/Versions/A/FSEvents
0x00007fff3ff97000 	/System/Library/Frameworks/CoreServices.framework/Versions/A/Frameworks/CarbonCore.framework/Versions/A/CarbonCore
0x00007fff4046b000 	/System/Library/Frameworks/CoreServices.framework/Versions/A/Frameworks/Metadata.framework/Versions/A/Metadata
0x00007fff4051c000 	/System/Library/Frameworks/CoreServices.framework/Versions/A/Frameworks/OSServices.framework/Versions/A/OSServices
0x00007fff4057d000 	/System/Library/Frameworks/CoreServices.framework/Versions/A/Frameworks/SearchKit.framework/Versions/A/SearchKit
0x00007fff3ff22000 	/System/Library/Frameworks/CoreServices.framework/Versions/A/Frameworks/AE.framework/Versions/A/AE
0x00007fff402ad000 	/System/Library/Frameworks/CoreServices.framework/Versions/A/Frameworks/LaunchServices.framework/Versions/A/LaunchServices
0x00007fff4026f000 	/System/Library/Frameworks/CoreServices.framework/Versions/A/Frameworks/DictionaryServices.framework/Versions/A/DictionaryServices
0x00007fff405ec000 	/System/Library/Frameworks/CoreServices.framework/Versions/A/Frameworks/SharedFileList.framework/Versions/A/SharedFileList
0x00007fff44783000 	/System/Library/Frameworks/NetFS.framework/Versions/A/NetFS
0x00007fff5af68000 	/System/Library/PrivateFrameworks/NetAuth.framework/Versions/A/NetAuth
0x00007fff647d0000 	/System/Library/PrivateFrameworks/login.framework/Versions/A/Frameworks/loginsupport.framework/Versions/A/loginsupport
0x00007fff62b99000 	/System/Library/PrivateFrameworks/TCC.framework/Versions/A/TCC
0x00007fff65f29000 	/usr/lib/libmecabra.dylib
0x00007fff3d245000 	/System/Library/Frameworks/ApplicationServices.framework/Versions/A/Frameworks/ATS.framework/Versions/A/ATS
0x00007fff3d5f3000 	/System/Library/Frameworks/ApplicationServices.framework/Versions/A/Frameworks/ColorSyncLegacy.framework/Versions/A/ColorSyncLegacy
0x00007fff3d697000 	/System/Library/Frameworks/ApplicationServices.framework/Versions/A/Frameworks/HIServices.framework/Versions/A/HIServices
0x00007fff3d6ea000 	/System/Library/Frameworks/ApplicationServices.framework/Versions/A/Frameworks/LangAnalysis.framework/Versions/A/LangAnalysis
0x00007fff3d6f9000 	/System/Library/Frameworks/ApplicationServices.framework/Versions/A/Frameworks/PrintCore.framework/Versions/A/PrintCore
0x00007fff3d746000 	/System/Library/Frameworks/ApplicationServices.framework/Versions/A/Frameworks/QD.framework/Versions/A/QD
0x00007fff3d781000 	/System/Library/Frameworks/ApplicationServices.framework/Versions/A/Frameworks/SpeechSynthesis.framework/Versions/A/SpeechSynthesis
0x00007fff3eccf000 	/System/Library/Frameworks/CoreDisplay.framework/Versions/A/CoreDisplay
0x00007fff3b347000 	/System/Library/Frameworks/Accelerate.framework/Versions/A/Frameworks/vImage.framework/Versions/A/vImage
0x00007fff3c0a1000 	/System/Library/Frameworks/Accelerate.framework/Versions/A/Frameworks/vecLib.framework/Versions/A/vecLib
0x00007fff3be41000 	/System/Library/Frameworks/Accelerate.framework/Versions/A/Frameworks/vecLib.framework/Versions/A/libvDSP.dylib
0x00007fff3b9a1000 	/System/Library/Frameworks/Accelerate.framework/Versions/A/Frameworks/vecLib.framework/Versions/A/libBNNS.dylib
0x00007fff3bda6000 	/System/Library/Frameworks/Accelerate.framework/Versions/A/Frameworks/vecLib.framework/Versions/A/libQuadrature.dylib
0x00007fff3bfef000 	/System/Library/Frameworks/Accelerate.framework/Versions/A/Frameworks/vecLib.framework/Versions/A/libvMisc.dylib
0x00007fff3b9d0000 	/System/Library/Frameworks/Accelerate.framework/Versions/A/Frameworks/vecLib.framework/Versions/A/libLAPACK.dylib
0x00007fff3b846000 	/System/Library/Frameworks/Accelerate.framework/Versions/A/Frameworks/vecLib.framework/Versions/A/libBLAS.dylib
0x00007fff3bd90000 	/System/Library/Frameworks/Accelerate.framework/Versions/A/Frameworks/vecLib.framework/Versions/A/libLinearAlgebra.dylib
0x00007fff3bdac000 	/System/Library/Frameworks/Accelerate.framework/Versions/A/Frameworks/vecLib.framework/Versions/A/libSparse.dylib
0x00007fff3be2d000 	/System/Library/Frameworks/Accelerate.framework/Versions/A/Frameworks/vecLib.framework/Versions/A/libSparseBLAS.dylib
0x00007fff57e02000 	/System/Library/PrivateFrameworks/GPUWrangler.framework/Versions/A/GPUWrangler
0x00007fff5957f000 	/System/Library/PrivateFrameworks/IOAccelerator.framework/Versions/A/IOAccelerator
0x00007fff5958a000 	/System/Library/PrivateFrameworks/IOPresentment.framework/Versions/A/IOPresentment
0x00007fff5363b000 	/System/Library/PrivateFrameworks/DSExternalDisplay.framework/Versions/A/DSExternalDisplay
0x00007fff4877a000 	/System/Library/Frameworks/OpenGL.framework/Versions/A/Libraries/libCoreFSCache.dylib
0x00007fff40a02000 	/System/Library/Frameworks/CoreVideo.framework/Versions/A/CoreVideo
0x00007fff58b7d000 	/System/Library/PrivateFrameworks/GraphVisualizer.framework/Versions/A/GraphVisualizer
0x00007fff43784000 	/System/Library/Frameworks/MetalPerformanceShaders.framework/Versions/A/MetalPerformanceShaders
0x00007fff64b35000 	/usr/lib/libFosl_dynamic.dylib
0x00007fff5470c000 	/System/Library/PrivateFrameworks/FaceCore.framework/Versions/A/FaceCore
0x00007fff47581000 	/System/Library/Frameworks/OpenCL.framework/Versions/A/OpenCL
0x00007fff65136000 	/usr/lib/libcompression.dylib
0x00007fff3d344000 	/System/Library/Frameworks/ApplicationServices.framework/Versions/A/Frameworks/ATS.framework/Versions/A/Resources/libFontParser.dylib
0x00007fff3d467000 	/System/Library/Frameworks/ApplicationServices.framework/Versions/A/Frameworks/ATS.framework/Versions/A/Resources/libFontRegistry.dylib
0x00007fff41947000 	/System/Library/Frameworks/ImageIO.framework/Versions/A/Resources/libJPEG.dylib
0x00007fff41c70000 	/System/Library/Frameworks/ImageIO.framework/Versions/A/Resources/libTIFF.dylib
0x00007fff41c46000 	/System/Library/Frameworks/ImageIO.framework/Versions/A/Resources/libPng.dylib
0x00007fff4185a000 	/System/Library/Frameworks/ImageIO.framework/Versions/A/Resources/libGIF.dylib
0x00007fff4185f000 	/System/Library/Frameworks/ImageIO.framework/Versions/A/Resources/libJP2.dylib
0x00007fff41c6d000 	/System/Library/Frameworks/ImageIO.framework/Versions/A/Resources/libRadiance.dylib
0x00007fff4f0f1000 	/System/Library/PrivateFrameworks/AppleJPEG.framework/Versions/A/AppleJPEG
0x00007fff435eb000 	/System/Library/Frameworks/MetalPerformanceShaders.framework/Frameworks/MPSCore.framework/Versions/A/MPSCore
0x00007fff43607000 	/System/Library/Frameworks/MetalPerformanceShaders.framework/Frameworks/MPSImage.framework/Versions/A/MPSImage
0x00007fff4369c000 	/System/Library/Frameworks/MetalPerformanceShaders.framework/Frameworks/MPSNeuralNetwork.framework/Versions/A/MPSNeuralNetwork
0x00007fff43677000 	/System/Library/Frameworks/MetalPerformanceShaders.framework/Frameworks/MPSMatrix.framework/Versions/A/MPSMatrix
0x00007fff5aa4d000 	/System/Library/PrivateFrameworks/MetalTools.framework/Versions/A/MetalTools
0x00007fff48944000 	/System/Library/Frameworks/OpenGL.framework/Versions/A/Libraries/libGLU.dylib
0x00007fff48785000 	/System/Library/Frameworks/OpenGL.framework/Versions/A/Libraries/libGFXShared.dylib
0x00007fff4878f000 	/System/Library/Frameworks/OpenGL.framework/Versions/A/Libraries/libGL.dylib
0x00007fff4879b000 	/System/Library/Frameworks/OpenGL.framework/Versions/A/Libraries/libGLImage.dylib
0x00007fff48777000 	/System/Library/Frameworks/OpenGL.framework/Versions/A/Libraries/libCVMSPluginSupport.dylib
0x00007fff48780000 	/System/Library/Frameworks/OpenGL.framework/Versions/A/Libraries/libCoreVMClient.dylib
0x00007fff658e2000 	/usr/lib/libcups.2.dylib
0x00007fff42b5a000 	/System/Library/Frameworks/Kerberos.framework/Versions/A/Kerberos
0x00007fff4133f000 	/System/Library/Frameworks/GSS.framework/Versions/A/GSS
0x00007fff669dd000 	/usr/lib/libresolv.9.dylib
0x00007fff65ae0000 	/usr/lib/libiconv.2.dylib
0x00007fff58c0f000 	/System/Library/PrivateFrameworks/Heimdal.framework/Versions/A/Heimdal
0x00007fff65aaf000 	/usr/lib/libheimdal-asn1.dylib
0x00007fff475ed000 	/System/Library/Frameworks/OpenDirectory.framework/Versions/A/OpenDirectory
0x00007fff51401000 	/System/Library/PrivateFrameworks/CommonAuth.framework/Versions/A/CommonAuth
0x00007fff475d0000 	/System/Library/Frameworks/OpenDirectory.framework/Versions/A/Frameworks/CFOpenDirectory.framework/Versions/A/CFOpenDirectory
0x00007fff4af00000 	/System/Library/Frameworks/SecurityFoundation.framework/Versions/A/SecurityFoundation
0x00007fff4e2c8000 	/System/Library/PrivateFrameworks/APFS.framework/Versions/A/APFS
0x00007fff66e12000 	/usr/lib/libutil.dylib
0x00007fff4f174000 	/System/Library/PrivateFrameworks/AppleSauce.framework/Versions/A/AppleSauce
0x00007fff59d67000 	/System/Library/PrivateFrameworks/LinguisticData.framework/Versions/A/LinguisticData
0x00007fff65e62000 	/usr/lib/libmarisa.dylib
0x00007fff59d21000 	/System/Library/PrivateFrameworks/Lexicon.framework/Versions/A/Lexicon
0x00007fff64a60000 	/usr/lib/libChineseTokenizer.dylib
0x00007fff65125000 	/usr/lib/libcmph.dylib
0x00007fff59c2b000 	/System/Library/PrivateFrameworks/LanguageModeling.framework/Versions/A/LanguageModeling
0x00007fff51f0d000 	/System/Library/PrivateFrameworks/CoreEmoji.framework/Versions/A/CoreEmoji
0x00007fff4afbe000 	/System/Library/Frameworks/ServiceManagement.framework/Versions/A/ServiceManagement
0x00007fff4f9bc000 	/System/Library/PrivateFrameworks/BackgroundTaskManagement.framework/Versions/A/BackgroundTaskManagement
0x00007fff66f0f000 	/usr/lib/libxslt.1.dylib
0x00007fff3e403000 	/System/Library/Frameworks/Carbon.framework/Versions/A/Frameworks/Ink.framework/Versions/A/Ink
0x00007fff62dae000 	/System/Library/PrivateFrameworks/TextureIO.framework/Versions/A/TextureIO
0x00007fff64f4a000 	/usr/lib/libate.dylib
0x00007fff5359b000 	/System/Library/PrivateFrameworks/CrashReporterSupport.framework/Versions/A/CrashReporterSupport
0x00007fff60107000 	/System/Library/PrivateFrameworks/Sharing.framework/Versions/A/Sharing
0x00007fff5996d000 	/System/Library/PrivateFrameworks/IconServices.framework/Versions/A/IconServices
0x00007fff4ef76000 	/System/Library/PrivateFrameworks/Apple80211.framework/Versions/A/Apple80211
0x00007fff533b1000 	/System/Library/PrivateFrameworks/CoreUtils.framework/Versions/A/CoreUtils
0x00007fff40a3d000 	/System/Library/Frameworks/CoreWLAN.framework/Versions/A/CoreWLAN
0x00007fff41481000 	/System/Library/Frameworks/IOBluetooth.framework/Versions/A/IOBluetooth
0x00007fff5e5d3000 	/System/Library/PrivateFrameworks/ProtocolBuffer.framework/Versions/A/ProtocolBuffer
0x00007fff53536000 	/System/Library/PrivateFrameworks/CoreWiFi.framework/Versions/A/CoreWiFi
0x00007fff3e94e000 	/System/Library/Frameworks/CoreBluetooth.framework/Versions/A/CoreBluetooth
0x00007fff53785000 	/System/Library/PrivateFrameworks/DebugSymbols.framework/Versions/A/DebugSymbols
0x00007fff53168000 	/System/Library/PrivateFrameworks/CoreSymbolication.framework/Versions/A/CoreSymbolication
0x00007fff625a0000 	/System/Library/PrivateFrameworks/Symbolication.framework/Versions/A/Symbolication
0x00007fff4efa0000 	/System/Library/PrivateFrameworks/AppleFSCompression.framework/Versions/A/AppleFSCompression
0x00007fff619ef000 	/System/Library/PrivateFrameworks/SpeechRecognitionCore.framework/Versions/A/SpeechRecognitionCore
0x00007fff372e7000 	/System/Library/CoreServices/Encodings/libCyrillicConverter.dylib
0x0000000100b6f000 	/Library/Java/JavaVirtualMachines/jdk-10.0.1.jdk/Contents/Home/lib/server/libjvm.dylib
0x00007fff66cdf000 	/usr/lib/libstdc++.6.0.9.dylib
0x000000010190f000 	/Library/Java/JavaVirtualMachines/jdk-10.0.1.jdk/Contents/Home/lib/libverify.dylib
0x000000010191c000 	/Library/Java/JavaVirtualMachines/jdk-10.0.1.jdk/Contents/Home/lib/libjava.dylib
0x0000000101953000 	/Library/Java/JavaVirtualMachines/jdk-10.0.1.jdk/Contents/Home/lib/libjdwp.dylib
0x0000000101990000 	/Library/Java/JavaVirtualMachines/jdk-10.0.1.jdk/Contents/Home/lib/libinstrument.dylib
0x00000001019e5000 	/Library/Java/JavaVirtualMachines/jdk-10.0.1.jdk/Contents/Home/lib/libzip.dylib
0x00000001019ed000 	/Library/Java/JavaVirtualMachines/jdk-10.0.1.jdk/Contents/Home/lib/libjimage.dylib
0x00000001062e0000 	/Library/Java/JavaVirtualMachines/jdk-10.0.1.jdk/Contents/Home/lib/libdt_socket.dylib
0x00000001062e6000 	/Library/Java/JavaVirtualMachines/jdk-10.0.1.jdk/Contents/Home/lib/libnio.dylib
0x00000001062f6000 	/Library/Java/JavaVirtualMachines/jdk-10.0.1.jdk/Contents/Home/lib/./libnet.dylib
0x0000000106395000 	/Library/Java/JavaVirtualMachines/jdk-10.0.1.jdk/Contents/Home/lib/libmanagement.dylib
0x000000010639a000 	/Library/Java/JavaVirtualMachines/jdk-10.0.1.jdk/Contents/Home/lib/libmanagement_ext.dylib


VM Arguments:
jvm_args: -agentlib:jdwp=transport=dt_socket,address=127.0.0.1:57342,suspend=y,server=n -XX:TieredStopAtLevel=1 -Xverify:none -Dspring.output.ansi.enabled=always -Dcom.sun.management.jmxremote -Dcom.sun.management.jmxremote.port=57341 -Dcom.sun.management.jmxremote.authenticate=false -Dcom.sun.management.jmxremote.ssl=false -Djava.rmi.server.hostname=127.0.0.1 -Dspring.liveBeansView.mbeanDomain -Dspring.application.admin.enabled=true -javaagent:/Users/evgenij/Library/Caches/IntelliJIdea2018.1/captureAgent/debugger-agent.jar=file:/private/var/folders/dh/lhx0b5613gj01lmclw7nn1nm0000gn/T/capture.props -Dfile.encoding=UTF-8 
java_command: com.example.demo.DemoApplication
java_class_path (initial): /Users/evgenij/Documents/demo1/target/classes:/Users/evgenij/.m2/repository/org/springframework/boot/spring-boot-starter-actuator/2.0.3.RELEASE/spring-boot-starter-actuator-2.0.3.RELEASE.jar:/Users/evgenij/.m2/repository/org/springframework/boot/spring-boot-starter/2.0.3.RELEASE/spring-boot-starter-2.0.3.RELEASE.jar:/Users/evgenij/.m2/repository/org/springframework/boot/spring-boot-starter-logging/2.0.3.RELEASE/spring-boot-starter-logging-2.0.3.RELEASE.jar:/Users/evgenij/.m2/repository/ch/qos/logback/logback-classic/1.2.3/logback-classic-1.2.3.jar:/Users/evgenij/.m2/repository/ch/qos/logback/logback-core/1.2.3/logback-core-1.2.3.jar:/Users/evgenij/.m2/repository/org/apache/logging/log4j/log4j-to-slf4j/2.10.0/log4j-to-slf4j-2.10.0.jar:/Users/evgenij/.m2/repository/org/apache/logging/log4j/log4j-api/2.10.0/log4j-api-2.10.0.jar:/Users/evgenij/.m2/repository/org/slf4j/jul-to-slf4j/1.7.25/jul-to-slf4j-1.7.25.jar:/Users/evgenij/.m2/repository/javax/annotation/javax.annotation-api/1.3.2/javax.annotation-api-1.3.2.jar:/Users/evgenij/.m2/repository/org/yaml/snakeyaml/1.19/snakeyaml-1.19.jar:/Users/evgenij/.m2/repository/org/springframework/boot/spring-boot-actuator-autoconfigure/2.0.3.RELEASE/spring-boot-actuator-autoconfigure-2.0.3.RELEASE.jar:/Users/evgenij/.m2/repository/org/springframework/boot/spring-boot-actuator/2.0.3.RELEASE/spring-boot-actuator-2.0.3.RELEASE.jar:/Users/evgenij/.m2/repository/com/fasterxml/jackson/core/jackson-databind/2.9.6/jackson-databind-2.9.6.jar:/Users/evgenij/.m2/repository/com/fasterxml/jackson/core/jackson-annotations/2.9.0/jackson-annotations-2.9.0.jar:/Users/evgenij/.m2/repository/com/fasterxml/jackson/core/jackson-core/2.9.6/jackson-core-2.9.6.jar:/Users/evgenij/.m2/repository/org/springframework/spring-context/5.0.7.RELEASE/spring-context-5.0.7.RELEASE.jar:/Users/evgenij/.m2/repository/com/fasterxml/jackson/datatype/jackson-datatype-jsr310/2.9.6/jackson-datatype-jsr310-2.9.6.jar:/Users/evgenij/.m2/repository/
Launcher Type: SUN_STANDARD

Logging:
Log output configuration:
#0: stdout all=warning uptime,level,tags
#1: stderr all=off uptime,level,tags

Environment Variables:
PATH=/Users/evgenij/anaconda3/bin:/usr/local/bin:/usr/bin:/bin:/usr/sbin:/sbin
SHELL=/bin/bash

Signal Handlers:
SIGSEGV: [libjvm.dylib+0x79ac14], sa_mask[0]=11111111011111110111111111111111, sa_flags=SA_ONSTACK|SA_RESTART|SA_SIGINFO
SIGBUS: [libjvm.dylib+0x79ac14], sa_mask[0]=11111111011111110111111111111111, sa_flags=SA_RESTART|SA_SIGINFO
SIGFPE: [libjvm.dylib+0x79ac14], sa_mask[0]=11111111011111110111111111111111, sa_flags=SA_RESTART|SA_SIGINFO
SIGPIPE: [libjvm.dylib+0x635960], sa_mask[0]=11111111011111110111111111111111, sa_flags=SA_RESTART|SA_SIGINFO
SIGXFSZ: [libjvm.dylib+0x635960], sa_mask[0]=11111111011111110111111111111111, sa_flags=SA_RESTART|SA_SIGINFO
SIGILL: [libjvm.dylib+0x79ac14], sa_mask[0]=11111111011111110111111111111111, sa_flags=SA_RESTART|SA_SIGINFO
SIGUSR2: [libjvm.dylib+0x6361f0], sa_mask[0]=00100000000000000000000000000000, sa_flags=SA_RESTART|SA_SIGINFO
SIGHUP: [libjvm.dylib+0x6349db], sa_mask[0]=11111111011111110111111111111111, sa_flags=SA_RESTART|SA_SIGINFO
SIGINT: [libjvm.dylib+0x6349db], sa_mask[0]=11111111011111110111111111111111, sa_flags=SA_RESTART|SA_SIGINFO
SIGTERM: [libjvm.dylib+0x6349db], sa_mask[0]=11111111011111110111111111111111, sa_flags=SA_RESTART|SA_SIGINFO
SIGQUIT: [libjvm.dylib+0x6349db], sa_mask[0]=11111111011111110111111111111111, sa_flags=SA_RESTART|SA_SIGINFO


---------------  S Y S T E M  ---------------

OS:uname:Darwin 17.5.0 Darwin Kernel Version 17.5.0: Mon Mar  5 22:24:32 PST 2018; root:xnu-4570.51.1~1/RELEASE_X86_64 x86_64
rlimit: STACK 8192k, CORE 0k, NPROC 709, NOFILE 10240, AS infinity, DATA infinity, FSIZE infinity
load average:2.33 2.29 2.19

CPU:total 4 (initial active 4) (2 cores per cpu, 2 threads per core) family 6 model 142 stepping 9, cmov, cx8, fxsr, mmx, sse, sse2, sse3, ssse3, sse4.1, sse4.2, popcnt, avx, avx2, aes, clmul, erms, rtm, 3dnowpref, lzcnt, ht, tsc, tscinvbit, bmi1, bmi2, adx, fma

Memory: 4k page, physical 8388608k(47556k free)

vm_info: Java HotSpot(TM) 64-Bit Server VM (10.0.1+10) for bsd-amd64 JRE (10.0.1+10), built on Mar 27 2018 01:13:17 by "mach5one" with gcc 4.2.1 Compatible Apple LLVM 6.1.0 (clang-602.0.49)

END.
